
> Advansat@1.0.0 pretest /home/assert/docker/joeok/api
> eslint --fix src/**


> Advansat@1.0.0 test /home/assert/docker/joeok/api
>  node ./scripts/development.js ; node ./scripts/test.js

[33m[nodemon] 1.18.10[39m
[33m[nodemon] to restart at any time, enter `rs`[39m
[33m[nodemon] watching: *.*[39m
[32m[nodemon] starting `babel-node bin/www`[39m
events.js:167
      throw er; // Unhandled 'error' event
      ^

Error: EBADF: bad file descriptor, read
Emitted 'error' event at:
    at lazyFs.read (internal/fs/streams.js:165:12)
    at FSReqWrap.wrapper [as oncomplete] (fs.js:463:17)


-----------|----------|----------|----------|----------|-------------------|
File       |  % Stmts | % Branch |  % Funcs |  % Lines | Uncovered Line #s |
-----------|----------|----------|----------|----------|-------------------|
All files  |      100 |      100 |        0 |      100 |                   |
 logger.js |      100 |      100 |        0 |      100 |                   |
-----------|----------|----------|----------|----------|-------------------|
